<?xml version="1.0" encoding="UTF-8"?>
<coverage generated="1676992387">
  <project timestamp="1676992387">
    <file name="/home/aviato-vasile/workplace/projects/aviato-soft/aviato-lib/src/Db.php">
      <class name="Avi\Db" namespace="global">
        <metrics complexity="109" methods="25" coveredmethods="25" conditionals="0" coveredconditionals="0" statements="252" coveredstatements="252" elements="277" coveredelements="277"/>
      </class>
      <line num="33" type="method" name="__construct" visibility="public" complexity="3" crap="3" count="7"/>
      <line num="35" type="stmt" count="7"/>
      <line num="36" type="stmt" count="7"/>
      <line num="37" type="stmt" count="7"/>
      <line num="38" type="stmt" count="7"/>
      <line num="39" type="stmt" count="7"/>
      <line num="40" type="stmt" count="7"/>
      <line num="41" type="stmt" count="7"/>
      <line num="42" type="stmt" count="7"/>
      <line num="43" type="stmt" count="7"/>
      <line num="45" type="stmt" count="7"/>
      <line num="47" type="stmt" count="7"/>
      <line num="49" type="stmt" count="7"/>
      <line num="53" type="method" name="__destruct" visibility="public" complexity="2" crap="2" count="7"/>
      <line num="55" type="stmt" count="7"/>
      <line num="56" type="stmt" count="6"/>
      <line num="61" type="method" name="getDebug" visibility="public" complexity="1" crap="1" count="1"/>
      <line num="63" type="stmt" count="1"/>
      <line num="67" type="method" name="isOpen" visibility="public" complexity="3" crap="3" count="7"/>
      <line num="69" type="stmt" count="7"/>
      <line num="70" type="stmt" count="7"/>
      <line num="73" type="stmt" count="7"/>
      <line num="74" type="stmt" count="7"/>
      <line num="77" type="stmt" count="1"/>
      <line num="84" type="method" name="connect" visibility="private" complexity="3" crap="3" count="7"/>
      <line num="87" type="stmt" count="7"/>
      <line num="88" type="stmt" count="5"/>
      <line num="93" type="stmt" count="7"/>
      <line num="94" type="stmt" count="7"/>
      <line num="95" type="stmt" count="1"/>
      <line num="96" type="stmt" count="1"/>
      <line num="97" type="stmt" count="1"/>
      <line num="101" type="stmt" count="7"/>
      <line num="104" type="stmt" count="7"/>
      <line num="106" type="stmt" count="7"/>
      <line num="118" type="method" name="select" visibility="public" complexity="1" crap="1" count="2"/>
      <line num="120" type="stmt" count="2"/>
      <line num="131" type="method" name="insert" visibility="public" complexity="1" crap="1" count="1"/>
      <line num="133" type="stmt" count="1"/>
      <line num="144" type="method" name="update" visibility="public" complexity="1" crap="1" count="1"/>
      <line num="146" type="stmt" count="1"/>
      <line num="157" type="method" name="delete" visibility="public" complexity="1" crap="1" count="1"/>
      <line num="159" type="stmt" count="1"/>
      <line num="170" type="method" name="get" visibility="public" complexity="1" crap="1" count="1"/>
      <line num="172" type="stmt" count="1"/>
      <line num="183" type="method" name="getOneRow" visibility="public" complexity="2" crap="2" count="1"/>
      <line num="185" type="stmt" count="1"/>
      <line num="186" type="stmt" count="1"/>
      <line num="187" type="stmt" count="1"/>
      <line num="198" type="method" name="add" visibility="public" complexity="1" crap="1" count="1"/>
      <line num="200" type="stmt" count="1"/>
      <line num="211" type="method" name="set" visibility="public" complexity="1" crap="1" count="1"/>
      <line num="213" type="stmt" count="1"/>
      <line num="224" type="method" name="del" visibility="public" complexity="1" crap="1" count="1"/>
      <line num="226" type="stmt" count="1"/>
      <line num="238" type="method" name="parse" visibility="public" complexity="13" crap="13" count="5"/>
      <line num="240" type="stmt" count="5"/>
      <line num="241" type="stmt" count="1"/>
      <line num="245" type="stmt" count="5"/>
      <line num="246" type="stmt" count="5"/>
      <line num="247" type="stmt" count="5"/>
      <line num="248" type="stmt" count="3"/>
      <line num="249" type="stmt" count="3"/>
      <line num="251" type="stmt" count="4"/>
      <line num="252" type="stmt" count="4"/>
      <line num="253" type="stmt" count="2"/>
      <line num="254" type="stmt" count="2"/>
      <line num="256" type="stmt" count="3"/>
      <line num="257" type="stmt" count="3"/>
      <line num="258" type="stmt" count="1"/>
      <line num="259" type="stmt" count="1"/>
      <line num="261" type="stmt" count="2"/>
      <line num="262" type="stmt" count="1"/>
      <line num="263" type="stmt" count="1"/>
      <line num="265" type="stmt" count="1"/>
      <line num="267" type="stmt" count="1"/>
      <line num="268" type="stmt" count="1"/>
      <line num="272" type="stmt" count="5"/>
      <line num="273" type="stmt" count="1"/>
      <line num="274" type="stmt" count="1"/>
      <line num="275" type="stmt" count="1"/>
      <line num="276" type="stmt" count="1"/>
      <line num="277" type="stmt" count="1"/>
      <line num="279" type="stmt" count="1"/>
      <line num="282" type="stmt" count="5"/>
      <line num="286" type="method" name="getPatternFromQuery" visibility="private" complexity="3" crap="3" count="1"/>
      <line num="288" type="stmt" count="1"/>
      <line num="289" type="stmt" count="1"/>
      <line num="290" type="stmt" count="1"/>
      <line num="291" type="stmt" count="1"/>
      <line num="292" type="stmt" count="1"/>
      <line num="293" type="stmt" count="1"/>
      <line num="294" type="stmt" count="1"/>
      <line num="296" type="stmt" count="1"/>
      <line num="297" type="stmt" count="1"/>
      <line num="298" type="stmt" count="1"/>
      <line num="303" type="stmt" count="1"/>
      <line num="312" type="method" name="parseDelete" visibility="private" complexity="4" crap="4" count="1"/>
      <line num="315" type="stmt" count="1"/>
      <line num="316" type="stmt" count="1"/>
      <line num="318" type="stmt" count="1"/>
      <line num="320" type="stmt" count="1"/>
      <line num="321" type="stmt" count="1"/>
      <line num="322" type="stmt" count="1"/>
      <line num="325" type="stmt" count="1"/>
      <line num="326" type="stmt" count="1"/>
      <line num="327" type="stmt" count="1"/>
      <line num="329" type="stmt" count="1"/>
      <line num="339" type="method" name="parseInsert" visibility="private" complexity="12" crap="12" count="2"/>
      <line num="341" type="stmt" count="2"/>
      <line num="342" type="stmt" count="2"/>
      <line num="343" type="stmt" count="2"/>
      <line num="346" type="stmt" count="2"/>
      <line num="347" type="stmt" count="1"/>
      <line num="350" type="stmt" count="2"/>
      <line num="351" type="stmt" count="2"/>
      <line num="352" type="stmt" count="2"/>
      <line num="353" type="stmt" count="1"/>
      <line num="355" type="stmt" count="2"/>
      <line num="359" type="stmt" count="1"/>
      <line num="362" type="stmt" count="2"/>
      <line num="363" type="stmt" count="1"/>
      <line num="366" type="stmt" count="2"/>
      <line num="367" type="stmt" count="2"/>
      <line num="368" type="stmt" count="1"/>
      <line num="369" type="stmt" count="1"/>
      <line num="370" type="stmt" count="1"/>
      <line num="371" type="stmt" count="1"/>
      <line num="373" type="stmt" count="1"/>
      <line num="374" type="stmt" count="1"/>
      <line num="376" type="stmt" count="1"/>
      <line num="379" type="stmt" count="2"/>
      <line num="380" type="stmt" count="2"/>
      <line num="381" type="stmt" count="2"/>
      <line num="383" type="stmt" count="2"/>
      <line num="387" type="stmt" count="2"/>
      <line num="389" type="stmt" count="2"/>
      <line num="391" type="stmt" count="2"/>
      <line num="393" type="stmt" count="2"/>
      <line num="403" type="method" name="parseSelect" visibility="private" complexity="14" crap="14" count="3"/>
      <line num="405" type="stmt" count="3"/>
      <line num="406" type="stmt" count="3"/>
      <line num="407" type="stmt" count="1"/>
      <line num="409" type="stmt" count="3"/>
      <line num="411" type="stmt" count="3"/>
      <line num="412" type="stmt" count="3"/>
      <line num="413" type="stmt" count="1"/>
      <line num="416" type="stmt" count="3"/>
      <line num="417" type="stmt" count="3"/>
      <line num="418" type="stmt" count="2"/>
      <line num="421" type="stmt" count="3"/>
      <line num="422" type="stmt" count="3"/>
      <line num="423" type="stmt" count="1"/>
      <line num="426" type="stmt" count="3"/>
      <line num="427" type="stmt" count="3"/>
      <line num="428" type="stmt" count="1"/>
      <line num="431" type="stmt" count="3"/>
      <line num="432" type="stmt" count="3"/>
      <line num="433" type="stmt" count="1"/>
      <line num="436" type="stmt" count="3"/>
      <line num="437" type="stmt" count="3"/>
      <line num="438" type="stmt" count="1"/>
      <line num="441" type="stmt" count="3"/>
      <line num="442" type="stmt" count="3"/>
      <line num="443" type="stmt" count="3"/>
      <line num="444" type="stmt" count="3"/>
      <line num="445" type="stmt" count="3"/>
      <line num="446" type="stmt" count="3"/>
      <line num="447" type="stmt" count="3"/>
      <line num="449" type="stmt" count="3"/>
      <line num="459" type="method" name="parseUpdate" visibility="private" complexity="9" crap="9" count="1"/>
      <line num="461" type="stmt" count="1"/>
      <line num="462" type="stmt" count="1"/>
      <line num="465" type="stmt" count="1"/>
      <line num="466" type="stmt" count="1"/>
      <line num="467" type="stmt" count="1"/>
      <line num="470" type="stmt" count="1"/>
      <line num="471" type="stmt" count="1"/>
      <line num="472" type="stmt" count="1"/>
      <line num="473" type="stmt" count="1"/>
      <line num="476" type="stmt" count="1"/>
      <line num="478" type="stmt" count="1"/>
      <line num="479" type="stmt" count="1"/>
      <line num="482" type="stmt" count="1"/>
      <line num="483" type="stmt" count="1"/>
      <line num="484" type="stmt" count="1"/>
      <line num="487" type="stmt" count="1"/>
      <line num="488" type="stmt" count="1"/>
      <line num="490" type="stmt" count="1"/>
      <line num="501" type="method" name="parseVar" visibility="public" complexity="18" crap="18" count="4"/>
      <line num="503" type="stmt" count="4"/>
      <line num="504" type="stmt" count="4"/>
      <line num="507" type="stmt" count="4"/>
      <line num="508" type="stmt" count="1"/>
      <line num="509" type="stmt" count="1"/>
      <line num="512" type="stmt" count="1"/>
      <line num="514" type="stmt" count="1"/>
      <line num="515" type="stmt" count="1"/>
      <line num="519" type="stmt" count="1"/>
      <line num="523" type="stmt" count="4"/>
      <line num="524" type="stmt" count="2"/>
      <line num="525" type="stmt" count="1"/>
      <line num="528" type="stmt" count="2"/>
      <line num="529" type="stmt" count="2"/>
      <line num="530" type="stmt" count="2"/>
      <line num="531" type="stmt" count="2"/>
      <line num="534" type="stmt" count="4"/>
      <line num="535" type="stmt" count="1"/>
      <line num="538" type="stmt" count="4"/>
      <line num="540" type="stmt" count="1"/>
      <line num="542" type="stmt" count="1"/>
      <line num="543" type="stmt" count="1"/>
      <line num="546" type="stmt" count="4"/>
      <line num="547" type="stmt" count="2"/>
      <line num="550" type="stmt" count="3"/>
      <line num="551" type="stmt" count="3"/>
      <line num="554" type="stmt" count="2"/>
      <line num="555" type="stmt" count="1"/>
      <line num="556" type="stmt" count="1"/>
      <line num="558" type="stmt" count="1"/>
      <line num="561" type="stmt" count="2"/>
      <line num="562" type="stmt" count="1"/>
      <line num="566" type="stmt" count="1"/>
      <line num="577" type="method" name="parseVars" visibility="public" complexity="1" crap="1" count="1"/>
      <line num="579" type="stmt" count="1"/>
      <line num="580" type="stmt" count="1"/>
      <line num="581" type="stmt" count="1"/>
      <line num="583" type="stmt" count="1"/>
      <line num="590" type="method" name="exec" visibility="public" complexity="5" crap="5" count="4"/>
      <line num="592" type="stmt" count="4"/>
      <line num="594" type="stmt" count="4"/>
      <line num="595" type="stmt" count="3"/>
      <line num="599" type="stmt" count="4"/>
      <line num="600" type="stmt" count="4"/>
      <line num="601" type="stmt" count="4"/>
      <line num="602" type="stmt" count="4"/>
      <line num="603" type="stmt" count="4"/>
      <line num="606" type="stmt" count="4"/>
      <line num="608" type="stmt" count="4"/>
      <line num="609" type="stmt" count="1"/>
      <line num="610" type="stmt" count="1"/>
      <line num="611" type="stmt" count="1"/>
      <line num="612" type="stmt" count="1"/>
      <line num="613" type="stmt" count="1"/>
      <line num="614" type="stmt" count="1"/>
      <line num="615" type="stmt" count="1"/>
      <line num="616" type="stmt" count="1"/>
      <line num="620" type="stmt" count="4"/>
      <line num="621" type="stmt" count="4"/>
      <line num="622" type="stmt" count="4"/>
      <line num="623" type="stmt" count="4"/>
      <line num="625" type="stmt" count="4"/>
      <line num="626" type="stmt" count="2"/>
      <line num="627" type="stmt" count="2"/>
      <line num="628" type="stmt" count="2"/>
      <line num="631" type="stmt" count="3"/>
      <line num="632" type="stmt" count="1"/>
      <line num="636" type="stmt" count="2"/>
      <line num="643" type="method" name="getLastId" visibility="public" complexity="1" crap="1" count="1"/>
      <line num="645" type="stmt" count="1"/>
      <line num="646" type="stmt" count="1"/>
      <line num="647" type="stmt" count="1"/>
      <line num="648" type="stmt" count="1"/>
      <line num="650" type="stmt" count="1"/>
      <line num="652" type="stmt" count="1"/>
      <line num="662" type="method" name="encloseInBacktick" visibility="private" complexity="7" crap="7" count="4"/>
      <line num="665" type="stmt" count="4"/>
      <line num="666" type="stmt" count="3"/>
      <line num="670" type="stmt" count="4"/>
      <line num="671" type="stmt" count="1"/>
      <line num="675" type="stmt" count="4"/>
      <line num="676" type="stmt" count="1"/>
      <line num="677" type="stmt" count="1"/>
      <line num="681" type="stmt" count="4"/>
      <line num="682" type="stmt" count="3"/>
      <line num="683" type="stmt" count="3"/>
      <line num="686" type="stmt" count="4"/>
      <metrics loc="689" ncloc="530" classes="1" methods="25" coveredmethods="25" conditionals="0" coveredconditionals="0" statements="252" coveredstatements="252" elements="277" coveredelements="277"/>
    </file>
    <file name="/home/aviato-vasile/workplace/projects/aviato-soft/aviato-lib/src/Filter.php">
      <class name="Avi\Filter" namespace="global">
        <metrics complexity="29" methods="9" coveredmethods="9" conditionals="0" coveredconditionals="0" statements="60" coveredstatements="60" elements="69" coveredelements="69"/>
      </class>
      <line num="78" type="method" name="__construct" visibility="public" complexity="1" crap="1" count="3"/>
      <line num="80" type="stmt" count="3"/>
      <line num="81" type="stmt" count="3"/>
      <line num="82" type="stmt" count="3"/>
      <line num="83" type="stmt" count="3"/>
      <line num="84" type="stmt" count="3"/>
      <line num="85" type="stmt" count="3"/>
      <line num="86" type="stmt" count="3"/>
      <line num="87" type="stmt" count="3"/>
      <line num="89" type="stmt" count="3"/>
      <line num="91" type="stmt" count="3"/>
      <line num="101" type="method" name="getDefinitionGroup" visibility="private" complexity="6" crap="6" count="3"/>
      <line num="103" type="stmt" count="3"/>
      <line num="104" type="stmt" count="3"/>
      <line num="105" type="stmt" count="1"/>
      <line num="108" type="stmt" count="2"/>
      <line num="109" type="stmt" count="2"/>
      <line num="112" type="stmt" count="1"/>
      <line num="113" type="stmt" count="1"/>
      <line num="116" type="stmt" count="1"/>
      <line num="117" type="stmt" count="1"/>
      <line num="118" type="stmt" count="1"/>
      <line num="121" type="stmt" count="1"/>
      <line num="122" type="stmt" count="1"/>
      <line num="125" type="stmt" count="1"/>
      <line num="135" type="method" name="parseDefinition" visibility="private" complexity="3" crap="3" count="3"/>
      <line num="137" type="stmt" count="3"/>
      <line num="139" type="stmt" count="3"/>
      <line num="140" type="stmt" count="2"/>
      <line num="143" type="stmt" count="2"/>
      <line num="144" type="stmt" count="1"/>
      <line num="147" type="stmt" count="2"/>
      <line num="151" type="method" name="transformDefGroupByVarToType" visibility="private" complexity="5" crap="5" count="1"/>
      <line num="155" type="stmt" count="1"/>
      <line num="156" type="stmt" count="1"/>
      <line num="157" type="stmt" count="1"/>
      <line num="158" type="stmt" count="1"/>
      <line num="159" type="stmt" count="1"/>
      <line num="160" type="stmt" count="1"/>
      <line num="165" type="stmt" count="1"/>
      <line num="175" type="method" name="validateInput" visibility="private" complexity="3" crap="3" count="1"/>
      <line num="178" type="stmt" count="1"/>
      <line num="182" type="stmt" count="1"/>
      <line num="184" type="stmt" count="1"/>
      <line num="185" type="stmt" count="1"/>
      <line num="188" type="stmt" count="1"/>
      <line num="197" type="method" name="validateAntiXss" visibility="private" complexity="2" crap="2" count="1"/>
      <line num="199" type="stmt" count="1"/>
      <line num="200" type="stmt" count="1"/>
      <line num="201" type="stmt" count="1"/>
      <line num="204" type="stmt" count="1"/>
      <line num="215" type="method" name="sanitizeData" visibility="private" complexity="7" crap="7" count="1"/>
      <line num="225" type="stmt" count="1"/>
      <line num="226" type="stmt" count="1"/>
      <line num="227" type="stmt" count="1"/>
      <line num="228" type="stmt" count="1"/>
      <line num="229" type="stmt" count="1"/>
      <line num="231" type="stmt" count="1"/>
      <line num="234" type="stmt" count="1"/>
      <line num="235" type="stmt" count="1"/>
      <line num="243" type="method" name="add" visibility="public" complexity="1" crap="1" count="1"/>
      <line num="245" type="stmt" count="1"/>
      <line num="246" type="stmt" count="1"/>
      <line num="247" type="stmt" count="1"/>
      <line num="251" type="method" name="check" visibility="public" complexity="1" crap="1" count="1"/>
      <line num="253" type="stmt" count="1"/>
      <line num="254" type="stmt" count="1"/>
      <line num="255" type="stmt" count="1"/>
      <line num="257" type="stmt" count="1"/>
      <metrics loc="259" ncloc="173" classes="1" methods="9" coveredmethods="9" conditionals="0" coveredconditionals="0" statements="60" coveredstatements="60" elements="69" coveredelements="69"/>
    </file>
    <file name="/home/aviato-vasile/workplace/projects/aviato-soft/aviato-lib/src/Log.php">
      <class name="Avi\Log" namespace="global">
        <metrics complexity="31" methods="6" coveredmethods="6" conditionals="0" coveredconditionals="0" statements="78" coveredstatements="78" elements="84" coveredelements="84"/>
      </class>
      <line num="37" type="method" name="__construct" visibility="public" complexity="3" crap="3" count="14"/>
      <line num="39" type="stmt" count="14"/>
      <line num="40" type="stmt" count="13"/>
      <line num="41" type="stmt" count="1"/>
      <line num="43" type="stmt" count="13"/>
      <line num="47" type="stmt" count="14"/>
      <line num="56" type="method" name="setProperties" visibility="private" complexity="3" crap="3" count="14"/>
      <line num="64" type="stmt" count="14"/>
      <line num="66" type="stmt" count="14"/>
      <line num="67" type="stmt" count="14"/>
      <line num="68" type="stmt" count="14"/>
      <line num="80" type="method" name="format" visibility="protected" complexity="8" crap="8" count="4"/>
      <line num="82" type="stmt" count="4"/>
      <line num="84" type="stmt" count="4"/>
      <line num="85" type="stmt" count="4"/>
      <line num="87" type="stmt" count="4"/>
      <line num="88" type="stmt" count="1"/>
      <line num="90" type="stmt" count="4"/>
      <line num="91" type="stmt" count="4"/>
      <line num="92" type="stmt" count="1"/>
      <line num="94" type="stmt" count="4"/>
      <line num="95" type="stmt" count="4"/>
      <line num="96" type="stmt" count="1"/>
      <line num="98" type="stmt" count="4"/>
      <line num="99" type="stmt" count="4"/>
      <line num="100" type="stmt" count="1"/>
      <line num="102" type="stmt" count="4"/>
      <line num="106" type="stmt" count="4"/>
      <line num="107" type="stmt" count="4"/>
      <line num="108" type="stmt" count="4"/>
      <line num="109" type="stmt" count="4"/>
      <line num="110" type="stmt" count="4"/>
      <line num="111" type="stmt" count="4"/>
      <line num="112" type="stmt" count="4"/>
      <line num="115" type="stmt" count="4"/>
      <line num="116" type="stmt" count="1"/>
      <line num="118" type="stmt" count="4"/>
      <line num="121" type="stmt" count="4"/>
      <line num="130" type="method" name="trace" visibility="public" complexity="5" crap="5" count="4"/>
      <line num="132" type="stmt" count="4"/>
      <line num="133" type="stmt" count="4"/>
      <line num="134" type="stmt" count="4"/>
      <line num="136" type="stmt" count="4"/>
      <line num="138" type="stmt" count="4"/>
      <line num="139" type="stmt" count="4"/>
      <line num="142" type="stmt" count="4"/>
      <line num="143" type="stmt" count="1"/>
      <line num="146" type="stmt" count="4"/>
      <line num="147" type="stmt" count="4"/>
      <line num="155" type="method" name="toFile" visibility="protected" complexity="11" crap="11" count="4"/>
      <line num="157" type="stmt" count="4"/>
      <line num="158" type="stmt" count="4"/>
      <line num="159" type="stmt" count="4"/>
      <line num="160" type="stmt" count="1"/>
      <line num="161" type="stmt" count="1"/>
      <line num="162" type="stmt" count="4"/>
      <line num="163" type="stmt" count="1"/>
      <line num="164" type="stmt" count="1"/>
      <line num="165" type="stmt" count="4"/>
      <line num="166" type="stmt" count="1"/>
      <line num="167" type="stmt" count="1"/>
      <line num="168" type="stmt" count="4"/>
      <line num="169" type="stmt" count="4"/>
      <line num="170" type="stmt" count="4"/>
      <line num="171" type="stmt" count="2"/>
      <line num="172" type="stmt" count="1"/>
      <line num="173" type="stmt" count="1"/>
      <line num="174" type="stmt" count="2"/>
      <line num="175" type="stmt" count="1"/>
      <line num="176" type="stmt" count="1"/>
      <line num="177" type="stmt" count="2"/>
      <line num="178" type="stmt" count="2"/>
      <line num="179" type="stmt" count="2"/>
      <line num="180" type="stmt" count="1"/>
      <line num="181" type="stmt" count="1"/>
      <line num="182" type="stmt" count="1"/>
      <line num="184" type="stmt" count="1"/>
      <line num="185" type="stmt" count="1"/>
      <line num="188" type="stmt" count="4"/>
      <line num="190" type="stmt" count="4"/>
      <line num="191" type="stmt" count="1"/>
      <line num="194" type="stmt" count="4"/>
      <line num="201" type="method" name="toSystem" visibility="protected" complexity="1" crap="1" count="1"/>
      <line num="203" type="stmt" count="1"/>
      <metrics loc="205" ncloc="151" classes="1" methods="6" coveredmethods="6" conditionals="0" coveredconditionals="0" statements="78" coveredstatements="78" elements="84" coveredelements="84"/>
    </file>
    <file name="/home/aviato-vasile/workplace/projects/aviato-soft/aviato-lib/src/Response.php">
      <class name="Avi\Response" namespace="global">
        <metrics complexity="59" methods="15" coveredmethods="15" conditionals="0" coveredconditionals="0" statements="137" coveredstatements="137" elements="152" coveredelements="152"/>
      </class>
      <line num="85" type="method" name="__construct" visibility="public" complexity="3" crap="3" count="10"/>
      <line num="87" type="stmt" count="10"/>
      <line num="88" type="stmt" count="8"/>
      <line num="89" type="stmt" count="8"/>
      <line num="92" type="stmt" count="3"/>
      <line num="95" type="stmt" count="10"/>
      <line num="96" type="stmt" count="10"/>
      <line num="98" type="stmt" count="10"/>
      <line num="99" type="stmt" count="10"/>
      <line num="100" type="stmt" count="10"/>
      <line num="101" type="stmt" count="10"/>
      <line num="110" type="method" name="action" visibility="public" complexity="2" crap="2" count="2"/>
      <line num="112" type="stmt" count="2"/>
      <line num="113" type="stmt" count="2"/>
      <line num="116" type="stmt" count="2"/>
      <line num="119" type="stmt" count="2"/>
      <line num="128" type="method" name="get" visibility="public" complexity="10" crap="10" count="8"/>
      <line num="131" type="stmt" count="8"/>
      <line num="132" type="stmt" count="8"/>
      <line num="133" type="stmt" count="2"/>
      <line num="134" type="stmt" count="2"/>
      <line num="136" type="stmt" count="6"/>
      <line num="137" type="stmt" count="1"/>
      <line num="138" type="stmt" count="1"/>
      <line num="139" type="stmt" count="1"/>
      <line num="140" type="stmt" count="1"/>
      <line num="141" type="stmt" count="1"/>
      <line num="142" type="stmt" count="1"/>
      <line num="144" type="stmt" count="1"/>
      <line num="145" type="stmt" count="1"/>
      <line num="146" type="stmt" count="1"/>
      <line num="148" type="stmt" count="6"/>
      <line num="149" type="stmt" count="1"/>
      <line num="150" type="stmt" count="1"/>
      <line num="151" type="stmt" count="1"/>
      <line num="152" type="stmt" count="1"/>
      <line num="153" type="stmt" count="1"/>
      <line num="154" type="stmt" count="1"/>
      <line num="155" type="stmt" count="1"/>
      <line num="156" type="stmt" count="1"/>
      <line num="157" type="stmt" count="1"/>
      <line num="158" type="stmt" count="1"/>
      <line num="160" type="stmt" count="1"/>
      <line num="161" type="stmt" count="1"/>
      <line num="164" type="stmt" count="1"/>
      <line num="165" type="stmt" count="1"/>
      <line num="167" type="stmt" count="1"/>
      <line num="171" type="stmt" count="8"/>
      <line num="173" type="stmt" count="8"/>
      <line num="174" type="stmt" count="8"/>
      <line num="175" type="stmt" count="8"/>
      <line num="176" type="stmt" count="8"/>
      <line num="177" type="stmt" count="8"/>
      <line num="178" type="stmt" count="8"/>
      <line num="180" type="stmt" count="8"/>
      <line num="181" type="stmt" count="1"/>
      <line num="184" type="stmt" count="8"/>
      <line num="185" type="stmt" count="8"/>
      <line num="189" type="stmt" count="8"/>
      <line num="190" type="stmt" count="7"/>
      <line num="193" type="stmt" count="8"/>
      <line num="203" type="method" name="getData" visibility="public" complexity="3" crap="3" count="2"/>
      <line num="205" type="stmt" count="2"/>
      <line num="206" type="stmt" count="1"/>
      <line num="208" type="stmt" count="1"/>
      <line num="209" type="stmt" count="1"/>
      <line num="211" type="stmt" count="1"/>
      <line num="214" type="stmt" count="2"/>
      <line num="227" type="method" name="log" visibility="public" complexity="2" crap="2" count="7"/>
      <line num="229" type="stmt" count="7"/>
      <line num="230" type="stmt" count="2"/>
      <line num="233" type="stmt" count="7"/>
      <line num="234" type="stmt" count="7"/>
      <line num="235" type="stmt" count="7"/>
      <line num="236" type="stmt" count="7"/>
      <line num="237" type="stmt" count="7"/>
      <line num="238" type="stmt" count="7"/>
      <line num="249" type="method" name="result" visibility="public" complexity="7" crap="7" count="1"/>
      <line num="251" type="stmt" count="1"/>
      <line num="252" type="stmt" count="1"/>
      <line num="255" type="stmt" count="1"/>
      <line num="257" type="stmt" count="1"/>
      <line num="258" type="stmt" count="1"/>
      <line num="261" type="stmt" count="1"/>
      <line num="262" type="stmt" count="1"/>
      <line num="263" type="stmt" count="1"/>
      <line num="264" type="stmt" count="1"/>
      <line num="266" type="stmt" count="1"/>
      <line num="267" type="stmt" count="1"/>
      <line num="268" type="stmt" count="1"/>
      <line num="270" type="stmt" count="1"/>
      <line num="272" type="stmt" count="1"/>
      <line num="273" type="stmt" count="1"/>
      <line num="274" type="stmt" count="1"/>
      <line num="277" type="stmt" count="1"/>
      <line num="284" type="method" name="type" visibility="public" complexity="2" crap="2" count="2"/>
      <line num="286" type="stmt" count="2"/>
      <line num="287" type="stmt" count="1"/>
      <line num="289" type="stmt" count="2"/>
      <line num="300" type="method" name="success" visibility="public" complexity="7" crap="7" count="2"/>
      <line num="302" type="stmt" count="2"/>
      <line num="303" type="stmt" count="1"/>
      <line num="307" type="stmt" count="2"/>
      <line num="308" type="stmt" count="1"/>
      <line num="309" type="stmt" count="1"/>
      <line num="311" type="stmt" count="1"/>
      <line num="312" type="stmt" count="1"/>
      <line num="313" type="stmt" count="1"/>
      <line num="316" type="stmt" count="1"/>
      <line num="319" type="stmt" count="2"/>
      <line num="326" type="method" name="clearLog" visibility="private" complexity="1" crap="1" count="8"/>
      <line num="328" type="stmt" count="8"/>
      <line num="335" type="method" name="cleanupLog" visibility="private" complexity="7" crap="7" count="8"/>
      <line num="338" type="stmt" count="8"/>
      <line num="341" type="stmt" count="8"/>
      <line num="342" type="stmt" count="8"/>
      <line num="343" type="stmt" count="6"/>
      <line num="344" type="stmt" count="5"/>
      <line num="345" type="stmt" count="3"/>
      <line num="346" type="stmt" count="1"/>
      <line num="353" type="stmt" count="8"/>
      <line num="363" type="method" name="getMessage" visibility="private" complexity="2" crap="2" count="6"/>
      <line num="365" type="stmt" count="6"/>
      <line num="366" type="stmt" count="5"/>
      <line num="368" type="stmt" count="1"/>
      <line num="378" type="method" name="logMessage" visibility="protected" complexity="5" crap="5" count="6"/>
      <line num="381" type="stmt" count="6"/>
      <line num="382" type="stmt" count="4"/>
      <line num="383" type="stmt" count="4"/>
      <line num="384" type="stmt" count="3"/>
      <line num="385" type="stmt" count="1"/>
      <line num="386" type="stmt" count="1"/>
      <line num="390" type="stmt" count="6"/>
      <line num="392" type="stmt" count="6"/>
      <line num="401" type="method" name="removeLogByMessageId" visibility="private" complexity="3" crap="3" count="8"/>
      <line num="403" type="stmt" count="8"/>
      <line num="404" type="stmt" count="6"/>
      <line num="405" type="stmt" count="1"/>
      <line num="416" type="method" name="validate" visibility="private" complexity="3" crap="3" count="8"/>
      <line num="419" type="stmt" count="8"/>
      <line num="422" type="stmt" count="8"/>
      <line num="425" type="stmt" count="8"/>
      <line num="428" type="stmt" count="8"/>
      <line num="429" type="stmt" count="6"/>
      <line num="430" type="stmt" count="4"/>
      <line num="431" type="stmt" count="4"/>
      <line num="435" type="stmt" count="8"/>
      <line num="437" type="stmt" count="8"/>
      <line num="447" type="method" name="validityLog" visibility="private" complexity="2" crap="2" count="8"/>
      <line num="449" type="stmt" count="8"/>
      <line num="450" type="stmt" count="5"/>
      <line num="452" type="stmt" count="8"/>
      <metrics loc="456" ncloc="341" classes="1" methods="15" coveredmethods="15" conditionals="0" coveredconditionals="0" statements="137" coveredstatements="137" elements="152" coveredelements="152"/>
    </file>
    <file name="/home/aviato-vasile/workplace/projects/aviato-soft/aviato-lib/src/Tools.php">
      <class name="Avi\Tools" namespace="global">
        <metrics complexity="73" methods="18" coveredmethods="18" conditionals="0" coveredconditionals="0" statements="160" coveredstatements="160" elements="178" coveredelements="178"/>
      </class>
      <line num="32" type="method" name="applyDefault" visibility="public" complexity="5" crap="5" count="6"/>
      <line num="34" type="stmt" count="6"/>
      <line num="35" type="stmt" count="1"/>
      <line num="38" type="stmt" count="6"/>
      <line num="39" type="stmt" count="6"/>
      <line num="40" type="stmt" count="6"/>
      <line num="43" type="stmt" count="6"/>
      <line num="56" type="method" name="str_supplant" visibility="public" complexity="2" crap="2" count="6"/>
      <line num="58" type="stmt" count="6"/>
      <line num="59" type="stmt" count="6"/>
      <line num="61" type="stmt" count="6"/>
      <line num="71" type="method" name="str_random" visibility="public" complexity="2" crap="2" count="1"/>
      <line num="76" type="stmt" count="1"/>
      <line num="77" type="stmt" count="1"/>
      <line num="78" type="stmt" count="1"/>
      <line num="79" type="stmt" count="1"/>
      <line num="81" type="stmt" count="1"/>
      <line num="91" type="method" name="sprinta" visibility="public" complexity="1" crap="1" count="5"/>
      <line num="93" type="stmt" count="5"/>
      <line num="105" type="method" name="printa" visibility="public" complexity="2" crap="2" count="1"/>
      <line num="107" type="stmt" count="1"/>
      <line num="108" type="stmt" count="1"/>
      <line num="109" type="stmt" count="1"/>
      <line num="111" type="stmt" count="1"/>
      <line num="121" type="method" name="sprintaa" visibility="public" complexity="3" crap="3" count="3"/>
      <line num="123" type="stmt" count="3"/>
      <line num="124" type="stmt" count="3"/>
      <line num="125" type="stmt" count="3"/>
      <line num="126" type="stmt" count="3"/>
      <line num="128" type="stmt" count="3"/>
      <line num="130" type="stmt" count="3"/>
      <line num="142" type="method" name="printaa" visibility="public" complexity="2" crap="2" count="1"/>
      <line num="144" type="stmt" count="1"/>
      <line num="145" type="stmt" count="1"/>
      <line num="146" type="stmt" count="1"/>
      <line num="148" type="stmt" count="1"/>
      <line num="170" type="method" name="atos" visibility="public" complexity="23" crap="23" count="2"/>
      <line num="172" type="stmt" count="2"/>
      <line num="174" type="stmt" count="2"/>
      <line num="175" type="stmt" count="1"/>
      <line num="178" type="stmt" count="2"/>
      <line num="179" type="stmt" count="1"/>
      <line num="182" type="stmt" count="2"/>
      <line num="183" type="stmt" count="1"/>
      <line num="186" type="stmt" count="2"/>
      <line num="187" type="stmt" count="2"/>
      <line num="188" type="stmt" count="2"/>
      <line num="189" type="stmt" count="2"/>
      <line num="190" type="stmt" count="2"/>
      <line num="191" type="stmt" count="2"/>
      <line num="193" type="stmt" count="2"/>
      <line num="194" type="stmt" count="2"/>
      <line num="195" type="stmt" count="1"/>
      <line num="196" type="stmt" count="1"/>
      <line num="197" type="stmt" count="1"/>
      <line num="199" type="stmt" count="2"/>
      <line num="201" type="stmt" count="2"/>
      <line num="203" type="stmt" count="1"/>
      <line num="204" type="stmt" count="1"/>
      <line num="205" type="stmt" count="1"/>
      <line num="206" type="stmt" count="1"/>
      <line num="208" type="stmt" count="1"/>
      <line num="213" type="stmt" count="2"/>
      <line num="214" type="stmt" count="2"/>
      <line num="215" type="stmt" count="1"/>
      <line num="216" type="stmt" count="1"/>
      <line num="217" type="stmt" count="1"/>
      <line num="221" type="stmt" count="1"/>
      <line num="222" type="stmt" count="1"/>
      <line num="226" type="stmt" count="2"/>
      <line num="227" type="stmt" count="2"/>
      <line num="228" type="stmt" count="2"/>
      <line num="229" type="stmt" count="2"/>
      <line num="230" type="stmt" count="2"/>
      <line num="232" type="stmt" count="2"/>
      <line num="233" type="stmt" count="1"/>
      <line num="236" type="stmt" count="2"/>
      <line num="237" type="stmt" count="1"/>
      <line num="240" type="stmt" count="2"/>
      <line num="243" type="stmt" count="2"/>
      <line num="244" type="stmt" count="1"/>
      <line num="245" type="stmt" count="1"/>
      <line num="246" type="stmt" count="1"/>
      <line num="247" type="stmt" count="1"/>
      <line num="248" type="stmt" count="1"/>
      <line num="250" type="stmt" count="2"/>
      <line num="253" type="stmt" count="2"/>
      <line num="257" type="stmt" count="2"/>
      <line num="268" type="method" name="atoattr" visibility="public" complexity="2" crap="2" count="3"/>
      <line num="270" type="stmt" count="3"/>
      <line num="271" type="stmt" count="3"/>
      <line num="272" type="stmt" count="3"/>
      <line num="274" type="stmt" count="3"/>
      <line num="275" type="stmt" count="3"/>
      <line num="289" type="method" name="enc" visibility="public" complexity="3" crap="3" count="2"/>
      <line num="291" type="stmt" count="2"/>
      <line num="292" type="stmt" count="2"/>
      <line num="293" type="stmt" count="1"/>
      <line num="295" type="stmt" count="2"/>
      <line num="298" type="stmt" count="2"/>
      <line num="299" type="stmt" count="2"/>
      <line num="300" type="stmt" count="2"/>
      <line num="311" type="method" name="dec" visibility="public" complexity="4" crap="4" count="9"/>
      <line num="313" type="stmt" count="9"/>
      <line num="314" type="stmt" count="9"/>
      <line num="315" type="stmt" count="1"/>
      <line num="317" type="stmt" count="9"/>
      <line num="320" type="stmt" count="9"/>
      <line num="321" type="stmt" count="9"/>
      <line num="322" type="stmt" count="1"/>
      <line num="324" type="stmt" count="9"/>
      <line num="334" type="method" name="isAjaxCall" visibility="public" complexity="2" crap="2" count="1"/>
      <line num="336" type="stmt" count="1"/>
      <line num="337" type="stmt" count="1"/>
      <line num="339" type="stmt" count="1"/>
      <line num="350" type="method" name="isGdprSet" visibility="public" complexity="4" crap="4" count="2"/>
      <line num="352" type="stmt" count="2"/>
      <line num="353" type="stmt" count="2"/>
      <line num="356" type="stmt" count="1"/>
      <line num="357" type="stmt" count="1"/>
      <line num="358" type="stmt" count="1"/>
      <line num="361" type="stmt" count="1"/>
      <line num="371" type="method" name="redirect" visibility="public" complexity="1" crap="1" count="1"/>
      <line num="373" type="stmt" count="1"/>
      <line num="374" type="stmt" count="1"/>
      <line num="389" type="method" name="validateDate" visibility="public" complexity="2" crap="2" count="1"/>
      <line num="391" type="stmt" count="1"/>
      <line num="392" type="stmt" count="1"/>
      <line num="408" type="method" name="dtFormatToFormat" visibility="public" complexity="10" crap="10" count="1"/>
      <line num="414" type="stmt" count="1"/>
      <line num="415" type="stmt" count="1"/>
      <line num="417" type="stmt" count="1"/>
      <line num="418" type="stmt" count="1"/>
      <line num="421" type="stmt" count="1"/>
      <line num="422" type="stmt" count="1"/>
      <line num="423" type="stmt" count="1"/>
      <line num="424" type="stmt" count="1"/>
      <line num="428" type="stmt" count="1"/>
      <line num="429" type="stmt" count="1"/>
      <line num="433" type="stmt" count="1"/>
      <line num="434" type="stmt" count="1"/>
      <line num="435" type="stmt" count="1"/>
      <line num="436" type="stmt" count="1"/>
      <line num="440" type="stmt" count="1"/>
      <line num="441" type="stmt" count="1"/>
      <line num="445" type="stmt" count="1"/>
      <line num="446" type="stmt" count="1"/>
      <line num="447" type="stmt" count="1"/>
      <line num="448" type="stmt" count="1"/>
      <line num="449" type="stmt" count="1"/>
      <line num="450" type="stmt" count="1"/>
      <line num="451" type="stmt" count="1"/>
      <line num="453" type="stmt" count="1"/>
      <line num="454" type="stmt" count="1"/>
      <line num="455" type="stmt" count="1"/>
      <line num="456" type="stmt" count="1"/>
      <line num="457" type="stmt" count="1"/>
      <line num="458" type="stmt" count="1"/>
      <line num="459" type="stmt" count="1"/>
      <line num="460" type="stmt" count="1"/>
      <line num="463" type="stmt" count="1"/>
      <line num="488" type="method" name="mysqlTableFromValues" visibility="public" complexity="3" crap="3" count="1"/>
      <line num="490" type="stmt" count="1"/>
      <line num="491" type="stmt" count="1"/>
      <line num="492" type="stmt" count="1"/>
      <line num="493" type="stmt" count="1"/>
      <line num="494" type="stmt" count="1"/>
      <line num="496" type="stmt" count="1"/>
      <line num="499" type="stmt" count="1"/>
      <line num="501" type="stmt" count="1"/>
      <line num="502" type="stmt" count="1"/>
      <line num="504" type="stmt" count="1"/>
      <line num="514" type="method" name="emailify" visibility="public" complexity="2" crap="2" count="1"/>
      <line num="516" type="stmt" count="1"/>
      <line num="519" type="stmt" count="1"/>
      <line num="520" type="stmt" count="1"/>
      <line num="521" type="stmt" count="1"/>
      <line num="524" type="stmt" count="1"/>
      <metrics loc="526" ncloc="342" classes="1" methods="18" coveredmethods="18" conditionals="0" coveredconditionals="0" statements="160" coveredstatements="160" elements="178" coveredelements="178"/>
    </file>
    <file name="/home/aviato-vasile/workplace/projects/aviato-soft/aviato-lib/src/Tracker.php">
      <class name="Avi\Tracker" namespace="global">
        <metrics complexity="5" methods="3" coveredmethods="3" conditionals="0" coveredconditionals="0" statements="7" coveredstatements="7" elements="10" coveredelements="10"/>
      </class>
      <line num="36" type="method" name="__construct" visibility="public" complexity="1" crap="1" count="2"/>
      <line num="38" type="stmt" count="2"/>
      <line num="39" type="stmt" count="2"/>
      <line num="40" type="stmt" count="2"/>
      <line num="47" type="method" name="parse" visibility="public" complexity="3" crap="3" count="2"/>
      <line num="49" type="stmt" count="2"/>
      <line num="50" type="stmt" count="1"/>
      <line num="53" type="stmt" count="1"/>
      <line num="60" type="method" name="dispatch" visibility="public" complexity="1" crap="1" count="1"/>
      <line num="62" type="stmt" count="1"/>
      <metrics loc="65" ncloc="38" classes="1" methods="3" coveredmethods="3" conditionals="0" coveredconditionals="0" statements="7" coveredstatements="7" elements="10" coveredelements="10"/>
    </file>
    <file name="/home/aviato-vasile/workplace/projects/aviato-soft/aviato-lib/src/UI.php">
      <class name="Avi\UI" namespace="global">
        <metrics complexity="45" methods="4" coveredmethods="4" conditionals="0" coveredconditionals="0" statements="201" coveredstatements="201" elements="205" coveredelements="205"/>
      </class>
      <line num="43" type="method" name="__construct" visibility="public" complexity="1" crap="1" count="4"/>
      <line num="45" type="stmt" count="4"/>
      <line num="46" type="stmt" count="4"/>
      <line num="50" type="method" name="setProperties" visibility="private" complexity="5" crap="5" count="4"/>
      <line num="52" type="stmt" count="4"/>
      <line num="53" type="stmt" count="3"/>
      <line num="56" type="stmt" count="2"/>
      <line num="58" type="stmt" count="2"/>
      <line num="59" type="stmt" count="2"/>
      <line num="60" type="stmt" count="2"/>
      <line num="80" type="method" name="Section" visibility="public" complexity="27" crap="27" count="2"/>
      <line num="82" type="stmt" count="2"/>
      <line num="84" type="stmt" count="2"/>
      <line num="85" type="stmt" count="2"/>
      <line num="86" type="stmt" count="2"/>
      <line num="87" type="stmt" count="2"/>
      <line num="88" type="stmt" count="2"/>
      <line num="89" type="stmt" count="2"/>
      <line num="90" type="stmt" count="2"/>
      <line num="91" type="stmt" count="2"/>
      <line num="92" type="stmt" count="2"/>
      <line num="93" type="stmt" count="2"/>
      <line num="94" type="stmt" count="2"/>
      <line num="95" type="stmt" count="2"/>
      <line num="96" type="stmt" count="2"/>
      <line num="97" type="stmt" count="2"/>
      <line num="100" type="stmt" count="2"/>
      <line num="103" type="stmt" count="2"/>
      <line num="104" type="stmt" count="2"/>
      <line num="106" type="stmt" count="1"/>
      <line num="107" type="stmt" count="1"/>
      <line num="108" type="stmt" count="1"/>
      <line num="111" type="stmt" count="2"/>
      <line num="112" type="stmt" count="2"/>
      <line num="113" type="stmt" count="2"/>
      <line num="114" type="stmt" count="2"/>
      <line num="117" type="stmt" count="2"/>
      <line num="118" type="stmt" count="2"/>
      <line num="120" type="stmt" count="1"/>
      <line num="124" type="stmt" count="2"/>
      <line num="125" type="stmt" count="2"/>
      <line num="126" type="stmt" count="2"/>
      <line num="127" type="stmt" count="2"/>
      <line num="128" type="stmt" count="2"/>
      <line num="132" type="stmt" count="2"/>
      <line num="135" type="stmt" count="2"/>
      <line num="136" type="stmt" count="1"/>
      <line num="137" type="stmt" count="1"/>
      <line num="140" type="stmt" count="2"/>
      <line num="141" type="stmt" count="2"/>
      <line num="145" type="stmt" count="2"/>
      <line num="146" type="stmt" count="2"/>
      <line num="147" type="stmt" count="2"/>
      <line num="148" type="stmt" count="2"/>
      <line num="149" type="stmt" count="2"/>
      <line num="150" type="stmt" count="2"/>
      <line num="151" type="stmt" count="2"/>
      <line num="152" type="stmt" count="2"/>
      <line num="153" type="stmt" count="2"/>
      <line num="154" type="stmt" count="1"/>
      <line num="155" type="stmt" count="1"/>
      <line num="156" type="stmt" count="1"/>
      <line num="158" type="stmt" count="1"/>
      <line num="160" type="stmt" count="1"/>
      <line num="162" type="stmt" count="2"/>
      <line num="163" type="stmt" count="2"/>
      <line num="164" type="stmt" count="1"/>
      <line num="165" type="stmt" count="1"/>
      <line num="166" type="stmt" count="1"/>
      <line num="167" type="stmt" count="1"/>
      <line num="169" type="stmt" count="1"/>
      <line num="172" type="stmt" count="1"/>
      <line num="174" type="stmt" count="2"/>
      <line num="175" type="stmt" count="2"/>
      <line num="176" type="stmt" count="1"/>
      <line num="177" type="stmt" count="1"/>
      <line num="178" type="stmt" count="1"/>
      <line num="179" type="stmt" count="1"/>
      <line num="181" type="stmt" count="2"/>
      <line num="182" type="stmt" count="2"/>
      <line num="183" type="stmt" count="2"/>
      <line num="184" type="stmt" count="2"/>
      <line num="185" type="stmt" count="2"/>
      <line num="186" type="stmt" count="2"/>
      <line num="188" type="stmt" count="2"/>
      <line num="190" type="stmt" count="2"/>
      <line num="191" type="stmt" count="1"/>
      <line num="193" type="stmt" count="1"/>
      <line num="194" type="stmt" count="1"/>
      <line num="196" type="stmt" count="1"/>
      <line num="201" type="stmt" count="2"/>
      <line num="204" type="stmt" count="1"/>
      <line num="205" type="stmt" count="1"/>
      <line num="206" type="stmt" count="1"/>
      <line num="207" type="stmt" count="1"/>
      <line num="208" type="stmt" count="1"/>
      <line num="210" type="stmt" count="1"/>
      <line num="212" type="stmt" count="1"/>
      <line num="216" type="stmt" count="2"/>
      <line num="217" type="stmt" count="2"/>
      <line num="221" type="stmt" count="2"/>
      <line num="222" type="stmt" count="1"/>
      <line num="225" type="stmt" count="2"/>
      <line num="226" type="stmt" count="2"/>
      <line num="229" type="stmt" count="1"/>
      <line num="238" type="method" name="Page" visibility="public" complexity="12" crap="12" count="1"/>
      <line num="240" type="stmt" count="1"/>
      <line num="241" type="stmt" count="1"/>
      <line num="242" type="stmt" count="1"/>
      <line num="243" type="stmt" count="1"/>
      <line num="244" type="stmt" count="1"/>
      <line num="245" type="stmt" count="1"/>
      <line num="246" type="stmt" count="1"/>
      <line num="247" type="stmt" count="1"/>
      <line num="248" type="stmt" count="1"/>
      <line num="249" type="stmt" count="1"/>
      <line num="251" type="stmt" count="1"/>
      <line num="252" type="stmt" count="1"/>
      <line num="253" type="stmt" count="1"/>
      <line num="259" type="stmt" count="1"/>
      <line num="260" type="stmt" count="1"/>
      <line num="261" type="stmt" count="1"/>
      <line num="262" type="stmt" count="1"/>
      <line num="268" type="stmt" count="1"/>
      <line num="269" type="stmt" count="1"/>
      <line num="270" type="stmt" count="1"/>
      <line num="271" type="stmt" count="1"/>
      <line num="272" type="stmt" count="1"/>
      <line num="273" type="stmt" count="1"/>
      <line num="274" type="stmt" count="1"/>
      <line num="275" type="stmt" count="1"/>
      <line num="276" type="stmt" count="1"/>
      <line num="277" type="stmt" count="1"/>
      <line num="278" type="stmt" count="1"/>
      <line num="279" type="stmt" count="1"/>
      <line num="280" type="stmt" count="1"/>
      <line num="281" type="stmt" count="1"/>
      <line num="282" type="stmt" count="1"/>
      <line num="283" type="stmt" count="1"/>
      <line num="284" type="stmt" count="1"/>
      <line num="285" type="stmt" count="1"/>
      <line num="286" type="stmt" count="1"/>
      <line num="287" type="stmt" count="1"/>
      <line num="288" type="stmt" count="1"/>
      <line num="289" type="stmt" count="1"/>
      <line num="290" type="stmt" count="1"/>
      <line num="291" type="stmt" count="1"/>
      <line num="292" type="stmt" count="1"/>
      <line num="293" type="stmt" count="1"/>
      <line num="294" type="stmt" count="1"/>
      <line num="296" type="stmt" count="1"/>
      <line num="297" type="stmt" count="1"/>
      <line num="298" type="stmt" count="1"/>
      <line num="300" type="stmt" count="1"/>
      <line num="301" type="stmt" count="1"/>
      <line num="303" type="stmt" count="1"/>
      <line num="304" type="stmt" count="1"/>
      <line num="305" type="stmt" count="1"/>
      <line num="308" type="stmt" count="1"/>
      <line num="309" type="stmt" count="1"/>
      <line num="313" type="stmt" count="1"/>
      <line num="314" type="stmt" count="1"/>
      <line num="315" type="stmt" count="1"/>
      <line num="316" type="stmt" count="1"/>
      <line num="319" type="stmt" count="1"/>
      <line num="320" type="stmt" count="1"/>
      <line num="323" type="stmt" count="1"/>
      <line num="326" type="stmt" count="1"/>
      <line num="327" type="stmt" count="1"/>
      <line num="328" type="stmt" count="1"/>
      <line num="329" type="stmt" count="1"/>
      <line num="333" type="stmt" count="1"/>
      <line num="336" type="stmt" count="1"/>
      <line num="337" type="stmt" count="1"/>
      <line num="338" type="stmt" count="1"/>
      <line num="339" type="stmt" count="1"/>
      <line num="340" type="stmt" count="1"/>
      <line num="341" type="stmt" count="1"/>
      <line num="344" type="stmt" count="1"/>
      <line num="345" type="stmt" count="1"/>
      <line num="346" type="stmt" count="1"/>
      <line num="347" type="stmt" count="1"/>
      <line num="348" type="stmt" count="1"/>
      <line num="349" type="stmt" count="1"/>
      <line num="353" type="stmt" count="1"/>
      <line num="354" type="stmt" count="1"/>
      <line num="355" type="stmt" count="1"/>
      <line num="359" type="stmt" count="1"/>
      <line num="362" type="stmt" count="1"/>
      <line num="363" type="stmt" count="1"/>
      <line num="365" type="stmt" count="1"/>
      <line num="369" type="stmt" count="1"/>
      <line num="370" type="stmt" count="1"/>
      <line num="374" type="stmt" count="1"/>
      <line num="375" type="stmt" count="1"/>
      <line num="376" type="stmt" count="1"/>
      <line num="377" type="stmt" count="1"/>
      <line num="378" type="stmt" count="1"/>
      <line num="380" type="stmt" count="1"/>
      <line num="381" type="stmt" count="1"/>
      <line num="382" type="stmt" count="1"/>
      <line num="383" type="stmt" count="1"/>
      <line num="384" type="stmt" count="1"/>
      <line num="388" type="stmt" count="1"/>
      <line num="389" type="stmt" count="1"/>
      <metrics loc="392" ncloc="325" classes="1" methods="4" coveredmethods="4" conditionals="0" coveredconditionals="0" statements="201" coveredstatements="201" elements="205" coveredelements="205"/>
    </file>
    <file name="/home/aviato-vasile/workplace/projects/aviato-soft/aviato-lib/src/Version.php">
      <class name="Avi\Version" namespace="global">
        <metrics complexity="2" methods="2" coveredmethods="2" conditionals="0" coveredconditionals="0" statements="2" coveredstatements="2" elements="4" coveredelements="4"/>
      </class>
      <line num="15" type="stmt" count="3"/>
      <line num="17" type="stmt" count="3"/>
      <line num="19" type="stmt" count="3"/>
      <line num="21" type="stmt" count="3"/>
      <line num="23" type="stmt" count="3"/>
      <line num="39" type="method" name="get" visibility="public" complexity="1" crap="1" count="2"/>
      <line num="41" type="stmt" count="2"/>
      <line num="50" type="method" name="getJsMd5" visibility="public" complexity="1" crap="1" count="1"/>
      <line num="52" type="stmt" count="1"/>
      <metrics loc="57" ncloc="32" classes="1" methods="2" coveredmethods="2" conditionals="0" coveredconditionals="0" statements="7" coveredstatements="7" elements="9" coveredelements="9"/>
    </file>
    <metrics files="8" loc="2649" ncloc="1932" classes="8" methods="82" coveredmethods="82" conditionals="0" coveredconditionals="0" statements="902" coveredstatements="902" elements="984" coveredelements="984"/>
  </project>
</coverage>
